<?xml version="1.0" encoding="UTF-8"?>
<!-- Generated by org.testng.reporters.JUnitReportReporter -->
<testsuite skipped="0" hostname="DESKTOP-KEHKU6I" name="runner.HomePageRunner" tests="2" failures="0" timestamp="18 Sep 2019 12:12:30 GMT" time="102.956" errors="1">
  <testcase name="runScenario" time="50.242" classname="runner.HomePageRunner"/>
  <testcase name="runScenario" time="52.714" classname="runner.HomePageRunner">
    <error type="java.lang.NullPointerException">
      <![CDATA[java.lang.NullPointerException
at WebConnector.webconnector.getElementWithLocator(webconnector.java:185)
at ApplicationPages.Homepage.checkBlogLinkDisplay(Homepage.java:23)
at stepdefs.HomePageSteps.googleLogoIsDisplayed(HomePageSteps.java:47)
at ✽.User verify that Blog Link is displayed(file:src/test/resources/features/HomePage/02_VerifyBlogLink_HomePage.feature:7)
]]>
    </error>
  </testcase> <!-- runScenario -->
</testsuite> <!-- runner.HomePageRunner -->
